[24-Oct-2024 21:46:59 Europe/Berlin] PHP Fatal error:  Uncaught TypeError: Unsupported operand types: string + string in C:\xampp\htdocs\PocketsLocationsPHP\routes\principal.php:29
Stack trace:
#0 C:\xampp\htdocs\PocketsLocationsPHP\index.php(5): require_once()
#1 {main}
  thrown in C:\xampp\htdocs\PocketsLocationsPHP\routes\principal.php on line 29
[24-Oct-2024 21:48:10 Europe/Berlin] PHP Warning:  include_once(views/novo.php): Failed to open stream: No such file or directory in C:\xampp\htdocs\PocketsLocationsPHP\routes\principal.php on line 31
[24-Oct-2024 21:48:10 Europe/Berlin] PHP Warning:  include_once(): Failed opening 'views/novo.php' for inclusion (include_path='C:\xampp\php\PEAR') in C:\xampp\htdocs\PocketsLocationsPHP\routes\principal.php on line 31
[24-Oct-2024 22:42:24 Europe/Berlin] PHP Warning:  include_once(../user/logica-usuario.php): Failed to open stream: No such file or directory in C:\xampp\htdocs\PocketsLocationsPHP\views\cabecalho.php on line 53
[24-Oct-2024 22:42:24 Europe/Berlin] PHP Warning:  include_once(): Failed opening '../user/logica-usuario.php' for inclusion (include_path='C:\xampp\php\PEAR') in C:\xampp\htdocs\PocketsLocationsPHP\views\cabecalho.php on line 53
[24-Oct-2024 22:42:24 Europe/Berlin] PHP Warning:  include_once(../user/banco-usuario.php): Failed to open stream: No such file or directory in C:\xampp\htdocs\PocketsLocationsPHP\views\cabecalho.php on line 54
[24-Oct-2024 22:42:24 Europe/Berlin] PHP Warning:  include_once(): Failed opening '../user/banco-usuario.php' for inclusion (include_path='C:\xampp\php\PEAR') in C:\xampp\htdocs\PocketsLocationsPHP\views\cabecalho.php on line 54
[24-Oct-2024 22:42:24 Europe/Berlin] PHP Fatal error:  Uncaught Error: Call to undefined function usuarioEstaLogado() in C:\xampp\htdocs\PocketsLocationsPHP\views\cabecalho.php:55
Stack trace:
#0 C:\xampp\htdocs\PocketsLocationsPHP\views\addpockets.php(1): include_once()
#1 C:\xampp\htdocs\PocketsLocationsPHP\routes\principal.php(31): include_once('C:\\xampp\\htdocs...')
#2 C:\xampp\htdocs\PocketsLocationsPHP\index.php(5): require_once('C:\\xampp\\htdocs...')
#3 {main}
  thrown in C:\xampp\htdocs\PocketsLocationsPHP\views\cabecalho.php on line 55
[24-Oct-2024 22:43:49 Europe/Berlin] PHP Warning:  include_once(../user/logica-usuario.php): Failed to open stream: No such file or directory in C:\xampp\htdocs\PocketsLocationsPHP\views\cabecalho.php on line 53
[24-Oct-2024 22:43:49 Europe/Berlin] PHP Warning:  include_once(): Failed opening '../user/logica-usuario.php' for inclusion (include_path='C:\xampp\php\PEAR') in C:\xampp\htdocs\PocketsLocationsPHP\views\cabecalho.php on line 53
[24-Oct-2024 22:43:49 Europe/Berlin] PHP Warning:  include_once(../user/banco-usuario.php): Failed to open stream: No such file or directory in C:\xampp\htdocs\PocketsLocationsPHP\views\cabecalho.php on line 54
[24-Oct-2024 22:43:49 Europe/Berlin] PHP Warning:  include_once(): Failed opening '../user/banco-usuario.php' for inclusion (include_path='C:\xampp\php\PEAR') in C:\xampp\htdocs\PocketsLocationsPHP\views\cabecalho.php on line 54
[24-Oct-2024 22:43:49 Europe/Berlin] PHP Fatal error:  Uncaught Error: Call to undefined function usuarioEstaLogado() in C:\xampp\htdocs\PocketsLocationsPHP\views\cabecalho.php:55
Stack trace:
#0 C:\xampp\htdocs\PocketsLocationsPHP\views\addpockets.php(1): include_once()
#1 C:\xampp\htdocs\PocketsLocationsPHP\routes\principal.php(31): include_once('C:\\xampp\\htdocs...')
#2 C:\xampp\htdocs\PocketsLocationsPHP\index.php(5): require_once('C:\\xampp\\htdocs...')
#3 {main}
  thrown in C:\xampp\htdocs\PocketsLocationsPHP\views\cabecalho.php on line 55
[24-Oct-2024 22:43:50 Europe/Berlin] PHP Warning:  include_once(../user/logica-usuario.php): Failed to open stream: No such file or directory in C:\xampp\htdocs\PocketsLocationsPHP\views\cabecalho.php on line 53
[24-Oct-2024 22:43:50 Europe/Berlin] PHP Warning:  include_once(): Failed opening '../user/logica-usuario.php' for inclusion (include_path='C:\xampp\php\PEAR') in C:\xampp\htdocs\PocketsLocationsPHP\views\cabecalho.php on line 53
[24-Oct-2024 22:43:50 Europe/Berlin] PHP Warning:  include_once(../user/banco-usuario.php): Failed to open stream: No such file or directory in C:\xampp\htdocs\PocketsLocationsPHP\views\cabecalho.php on line 54
[24-Oct-2024 22:43:50 Europe/Berlin] PHP Warning:  include_once(): Failed opening '../user/banco-usuario.php' for inclusion (include_path='C:\xampp\php\PEAR') in C:\xampp\htdocs\PocketsLocationsPHP\views\cabecalho.php on line 54
[24-Oct-2024 22:43:50 Europe/Berlin] PHP Fatal error:  Uncaught Error: Call to undefined function usuarioEstaLogado() in C:\xampp\htdocs\PocketsLocationsPHP\views\cabecalho.php:55
Stack trace:
#0 C:\xampp\htdocs\PocketsLocationsPHP\views\addpockets.php(1): include_once()
#1 C:\xampp\htdocs\PocketsLocationsPHP\routes\principal.php(31): include_once('C:\\xampp\\htdocs...')
#2 C:\xampp\htdocs\PocketsLocationsPHP\index.php(5): require_once('C:\\xampp\\htdocs...')
#3 {main}
  thrown in C:\xampp\htdocs\PocketsLocationsPHP\views\cabecalho.php on line 55
[24-Oct-2024 22:43:58 Europe/Berlin] PHP Warning:  include_once(../user/logica-usuario.php): Failed to open stream: No such file or directory in C:\xampp\htdocs\PocketsLocationsPHP\views\cabecalho.php on line 53
[24-Oct-2024 22:43:58 Europe/Berlin] PHP Warning:  include_once(): Failed opening '../user/logica-usuario.php' for inclusion (include_path='C:\xampp\php\PEAR') in C:\xampp\htdocs\PocketsLocationsPHP\views\cabecalho.php on line 53
[24-Oct-2024 22:43:58 Europe/Berlin] PHP Warning:  include_once(../user/banco-usuario.php): Failed to open stream: No such file or directory in C:\xampp\htdocs\PocketsLocationsPHP\views\cabecalho.php on line 54
[24-Oct-2024 22:43:58 Europe/Berlin] PHP Warning:  include_once(): Failed opening '../user/banco-usuario.php' for inclusion (include_path='C:\xampp\php\PEAR') in C:\xampp\htdocs\PocketsLocationsPHP\views\cabecalho.php on line 54
[24-Oct-2024 22:43:58 Europe/Berlin] PHP Fatal error:  Uncaught Error: Call to undefined function usuarioEstaLogado() in C:\xampp\htdocs\PocketsLocationsPHP\views\cabecalho.php:55
Stack trace:
#0 C:\xampp\htdocs\PocketsLocationsPHP\views\addpockets.php(1): include_once()
#1 C:\xampp\htdocs\PocketsLocationsPHP\routes\principal.php(31): include_once('C:\\xampp\\htdocs...')
#2 C:\xampp\htdocs\PocketsLocationsPHP\index.php(5): require_once('C:\\xampp\\htdocs...')
#3 {main}
  thrown in C:\xampp\htdocs\PocketsLocationsPHP\views\cabecalho.php on line 55
[24-Oct-2024 22:43:58 Europe/Berlin] PHP Warning:  include_once(../user/logica-usuario.php): Failed to open stream: No such file or directory in C:\xampp\htdocs\PocketsLocationsPHP\views\cabecalho.php on line 53
[24-Oct-2024 22:43:58 Europe/Berlin] PHP Warning:  include_once(): Failed opening '../user/logica-usuario.php' for inclusion (include_path='C:\xampp\php\PEAR') in C:\xampp\htdocs\PocketsLocationsPHP\views\cabecalho.php on line 53
[24-Oct-2024 22:43:58 Europe/Berlin] PHP Warning:  include_once(../user/banco-usuario.php): Failed to open stream: No such file or directory in C:\xampp\htdocs\PocketsLocationsPHP\views\cabecalho.php on line 54
[24-Oct-2024 22:43:58 Europe/Berlin] PHP Warning:  include_once(): Failed opening '../user/banco-usuario.php' for inclusion (include_path='C:\xampp\php\PEAR') in C:\xampp\htdocs\PocketsLocationsPHP\views\cabecalho.php on line 54
[24-Oct-2024 22:43:58 Europe/Berlin] PHP Fatal error:  Uncaught Error: Call to undefined function usuarioEstaLogado() in C:\xampp\htdocs\PocketsLocationsPHP\views\cabecalho.php:55
Stack trace:
#0 C:\xampp\htdocs\PocketsLocationsPHP\views\addpockets.php(1): include_once()
#1 C:\xampp\htdocs\PocketsLocationsPHP\routes\principal.php(31): include_once('C:\\xampp\\htdocs...')
#2 C:\xampp\htdocs\PocketsLocationsPHP\index.php(5): require_once('C:\\xampp\\htdocs...')
#3 {main}
  thrown in C:\xampp\htdocs\PocketsLocationsPHP\views\cabecalho.php on line 55
[24-Oct-2024 22:43:59 Europe/Berlin] PHP Warning:  include_once(../user/logica-usuario.php): Failed to open stream: No such file or directory in C:\xampp\htdocs\PocketsLocationsPHP\views\cabecalho.php on line 53
[24-Oct-2024 22:43:59 Europe/Berlin] PHP Warning:  include_once(): Failed opening '../user/logica-usuario.php' for inclusion (include_path='C:\xampp\php\PEAR') in C:\xampp\htdocs\PocketsLocationsPHP\views\cabecalho.php on line 53
[24-Oct-2024 22:43:59 Europe/Berlin] PHP Warning:  include_once(../user/banco-usuario.php): Failed to open stream: No such file or directory in C:\xampp\htdocs\PocketsLocationsPHP\views\cabecalho.php on line 54
[24-Oct-2024 22:43:59 Europe/Berlin] PHP Warning:  include_once(): Failed opening '../user/banco-usuario.php' for inclusion (include_path='C:\xampp\php\PEAR') in C:\xampp\htdocs\PocketsLocationsPHP\views\cabecalho.php on line 54
[24-Oct-2024 22:43:59 Europe/Berlin] PHP Fatal error:  Uncaught Error: Call to undefined function usuarioEstaLogado() in C:\xampp\htdocs\PocketsLocationsPHP\views\cabecalho.php:55
Stack trace:
#0 C:\xampp\htdocs\PocketsLocationsPHP\views\addpockets.php(1): include_once()
#1 C:\xampp\htdocs\PocketsLocationsPHP\routes\principal.php(31): include_once('C:\\xampp\\htdocs...')
#2 C:\xampp\htdocs\PocketsLocationsPHP\index.php(5): require_once('C:\\xampp\\htdocs...')
#3 {main}
  thrown in C:\xampp\htdocs\PocketsLocationsPHP\views\cabecalho.php on line 55
[24-Oct-2024 22:44:37 Europe/Berlin] PHP Warning:  include_once(../user/logica-usuario.php): Failed to open stream: No such file or directory in C:\xampp\htdocs\PocketsLocationsPHP\views\cabecalho.php on line 53
[24-Oct-2024 22:44:37 Europe/Berlin] PHP Warning:  include_once(): Failed opening '../user/logica-usuario.php' for inclusion (include_path='C:\xampp\php\PEAR') in C:\xampp\htdocs\PocketsLocationsPHP\views\cabecalho.php on line 53
[24-Oct-2024 22:44:37 Europe/Berlin] PHP Warning:  include_once(../user/banco-usuario.php): Failed to open stream: No such file or directory in C:\xampp\htdocs\PocketsLocationsPHP\views\cabecalho.php on line 54
[24-Oct-2024 22:44:37 Europe/Berlin] PHP Warning:  include_once(): Failed opening '../user/banco-usuario.php' for inclusion (include_path='C:\xampp\php\PEAR') in C:\xampp\htdocs\PocketsLocationsPHP\views\cabecalho.php on line 54
[24-Oct-2024 22:44:37 Europe/Berlin] PHP Fatal error:  Uncaught Error: Call to undefined function usuarioEstaLogado() in C:\xampp\htdocs\PocketsLocationsPHP\views\cabecalho.php:55
Stack trace:
#0 C:\xampp\htdocs\PocketsLocationsPHP\views\addpockets.php(1): include_once()
#1 C:\xampp\htdocs\PocketsLocationsPHP\routes\principal.php(31): include_once('C:\\xampp\\htdocs...')
#2 C:\xampp\htdocs\PocketsLocationsPHP\index.php(5): require_once('C:\\xampp\\htdocs...')
#3 {main}
  thrown in C:\xampp\htdocs\PocketsLocationsPHP\views\cabecalho.php on line 55
[24-Oct-2024 22:44:38 Europe/Berlin] PHP Warning:  include_once(../user/logica-usuario.php): Failed to open stream: No such file or directory in C:\xampp\htdocs\PocketsLocationsPHP\views\cabecalho.php on line 53
[24-Oct-2024 22:44:38 Europe/Berlin] PHP Warning:  include_once(): Failed opening '../user/logica-usuario.php' for inclusion (include_path='C:\xampp\php\PEAR') in C:\xampp\htdocs\PocketsLocationsPHP\views\cabecalho.php on line 53
[24-Oct-2024 22:44:38 Europe/Berlin] PHP Warning:  include_once(../user/banco-usuario.php): Failed to open stream: No such file or directory in C:\xampp\htdocs\PocketsLocationsPHP\views\cabecalho.php on line 54
[24-Oct-2024 22:44:38 Europe/Berlin] PHP Warning:  include_once(): Failed opening '../user/banco-usuario.php' for inclusion (include_path='C:\xampp\php\PEAR') in C:\xampp\htdocs\PocketsLocationsPHP\views\cabecalho.php on line 54
[24-Oct-2024 22:44:38 Europe/Berlin] PHP Fatal error:  Uncaught Error: Call to undefined function usuarioEstaLogado() in C:\xampp\htdocs\PocketsLocationsPHP\views\cabecalho.php:55
Stack trace:
#0 C:\xampp\htdocs\PocketsLocationsPHP\views\addpockets.php(1): include_once()
#1 C:\xampp\htdocs\PocketsLocationsPHP\routes\principal.php(31): include_once('C:\\xampp\\htdocs...')
#2 C:\xampp\htdocs\PocketsLocationsPHP\index.php(5): require_once('C:\\xampp\\htdocs...')
#3 {main}
  thrown in C:\xampp\htdocs\PocketsLocationsPHP\views\cabecalho.php on line 55
[24-Oct-2024 22:44:40 Europe/Berlin] PHP Warning:  include_once(../user/logica-usuario.php): Failed to open stream: No such file or directory in C:\xampp\htdocs\PocketsLocationsPHP\views\cabecalho.php on line 53
[24-Oct-2024 22:44:40 Europe/Berlin] PHP Warning:  include_once(): Failed opening '../user/logica-usuario.php' for inclusion (include_path='C:\xampp\php\PEAR') in C:\xampp\htdocs\PocketsLocationsPHP\views\cabecalho.php on line 53
[24-Oct-2024 22:44:40 Europe/Berlin] PHP Warning:  include_once(../user/banco-usuario.php): Failed to open stream: No such file or directory in C:\xampp\htdocs\PocketsLocationsPHP\views\cabecalho.php on line 54
[24-Oct-2024 22:44:40 Europe/Berlin] PHP Warning:  include_once(): Failed opening '../user/banco-usuario.php' for inclusion (include_path='C:\xampp\php\PEAR') in C:\xampp\htdocs\PocketsLocationsPHP\views\cabecalho.php on line 54
[24-Oct-2024 22:44:40 Europe/Berlin] PHP Fatal error:  Uncaught Error: Call to undefined function usuarioEstaLogado() in C:\xampp\htdocs\PocketsLocationsPHP\views\cabecalho.php:55
Stack trace:
#0 C:\xampp\htdocs\PocketsLocationsPHP\views\index.php(1): include_once()
#1 C:\xampp\htdocs\PocketsLocationsPHP\routes\principal.php(24): include_once('C:\\xampp\\htdocs...')
#2 C:\xampp\htdocs\PocketsLocationsPHP\index.php(5): require_once('C:\\xampp\\htdocs...')
#3 {main}
  thrown in C:\xampp\htdocs\PocketsLocationsPHP\views\cabecalho.php on line 55
[24-Oct-2024 23:16:26 Europe/Berlin] PHP Warning:  Undefined variable $conexao in C:\xampp\htdocs\PocketsLocationsPHP\views\cabecalho.php on line 58
[24-Oct-2024 23:16:26 Europe/Berlin] PHP Fatal error:  Uncaught TypeError: mysqli_query(): Argument #1 ($mysql) must be of type mysqli, null given in C:\xampp\htdocs\PocketsLocationsPHP\user\banco-usuario.php:13
Stack trace:
#0 C:\xampp\htdocs\PocketsLocationsPHP\user\banco-usuario.php(13): mysqli_query(NULL, 'select * from u...')
#1 C:\xampp\htdocs\PocketsLocationsPHP\views\cabecalho.php(58): buscaEmail_user(NULL, 'admin@admin')
#2 C:\xampp\htdocs\PocketsLocationsPHP\views\addpockets.php(1): include_once('C:\\xampp\\htdocs...')
#3 C:\xampp\htdocs\PocketsLocationsPHP\routes\principal.php(31): include_once('C:\\xampp\\htdocs...')
#4 C:\xampp\htdocs\PocketsLocationsPHP\index.php(5): require_once('C:\\xampp\\htdocs...')
#5 {main}
  thrown in C:\xampp\htdocs\PocketsLocationsPHP\user\banco-usuario.php on line 13
[24-Oct-2024 23:17:02 Europe/Berlin] PHP Warning:  Undefined variable $conexao in C:\xampp\htdocs\PocketsLocationsPHP\views\cabecalho.php on line 58
[24-Oct-2024 23:17:02 Europe/Berlin] PHP Fatal error:  Uncaught TypeError: mysqli_query(): Argument #1 ($mysql) must be of type mysqli, null given in C:\xampp\htdocs\PocketsLocationsPHP\user\banco-usuario.php:13
Stack trace:
#0 C:\xampp\htdocs\PocketsLocationsPHP\user\banco-usuario.php(13): mysqli_query(NULL, 'select * from u...')
#1 C:\xampp\htdocs\PocketsLocationsPHP\views\cabecalho.php(58): buscaEmail_user(NULL, 'admin@admin')
#2 C:\xampp\htdocs\PocketsLocationsPHP\views\addpockets.php(1): include_once('C:\\xampp\\htdocs...')
#3 C:\xampp\htdocs\PocketsLocationsPHP\routes\principal.php(31): include_once('C:\\xampp\\htdocs...')
#4 C:\xampp\htdocs\PocketsLocationsPHP\index.php(5): require_once('C:\\xampp\\htdocs...')
#5 {main}
  thrown in C:\xampp\htdocs\PocketsLocationsPHP\user\banco-usuario.php on line 13
[24-Oct-2024 23:17:34 Europe/Berlin] PHP Warning:  Undefined variable $conexao in C:\xampp\htdocs\PocketsLocationsPHP\views\cabecalho.php on line 58
[24-Oct-2024 23:17:34 Europe/Berlin] PHP Fatal error:  Uncaught TypeError: mysqli_query(): Argument #1 ($mysql) must be of type mysqli, null given in C:\xampp\htdocs\PocketsLocationsPHP\user\banco-usuario.php:13
Stack trace:
#0 C:\xampp\htdocs\PocketsLocationsPHP\user\banco-usuario.php(13): mysqli_query(NULL, 'select * from u...')
#1 C:\xampp\htdocs\PocketsLocationsPHP\views\cabecalho.php(58): buscaEmail_user(NULL, 'admin@admin')
#2 C:\xampp\htdocs\PocketsLocationsPHP\views\addpockets.php(1): include_once('C:\\xampp\\htdocs...')
#3 C:\xampp\htdocs\PocketsLocationsPHP\routes\principal.php(31): include_once('C:\\xampp\\htdocs...')
#4 C:\xampp\htdocs\PocketsLocationsPHP\index.php(5): require_once('C:\\xampp\\htdocs...')
#5 {main}
  thrown in C:\xampp\htdocs\PocketsLocationsPHP\user\banco-usuario.php on line 13
[24-Oct-2024 23:17:51 Europe/Berlin] PHP Warning:  Undefined variable $conexao in C:\xampp\htdocs\PocketsLocationsPHP\views\cabecalho.php on line 58
[24-Oct-2024 23:17:51 Europe/Berlin] PHP Fatal error:  Uncaught TypeError: mysqli_query(): Argument #1 ($mysql) must be of type mysqli, null given in C:\xampp\htdocs\PocketsLocationsPHP\user\banco-usuario.php:13
Stack trace:
#0 C:\xampp\htdocs\PocketsLocationsPHP\user\banco-usuario.php(13): mysqli_query(NULL, 'select * from u...')
#1 C:\xampp\htdocs\PocketsLocationsPHP\views\cabecalho.php(58): buscaEmail_user(NULL, 'admin@admin')
#2 C:\xampp\htdocs\PocketsLocationsPHP\views\addpockets.php(1): include_once('C:\\xampp\\htdocs...')
#3 C:\xampp\htdocs\PocketsLocationsPHP\routes\principal.php(31): include_once('C:\\xampp\\htdocs...')
#4 C:\xampp\htdocs\PocketsLocationsPHP\index.php(5): require_once('C:\\xampp\\htdocs...')
#5 {main}
  thrown in C:\xampp\htdocs\PocketsLocationsPHP\user\banco-usuario.php on line 13
[24-Oct-2024 23:19:15 Europe/Berlin] PHP Warning:  Undefined variable $conexao in C:\xampp\htdocs\PocketsLocationsPHP\views\cabecalho.php on line 58
[24-Oct-2024 23:19:15 Europe/Berlin] PHP Fatal error:  Uncaught TypeError: mysqli_query(): Argument #1 ($mysql) must be of type mysqli, null given in C:\xampp\htdocs\PocketsLocationsPHP\user\banco-usuario.php:13
Stack trace:
#0 C:\xampp\htdocs\PocketsLocationsPHP\user\banco-usuario.php(13): mysqli_query(NULL, 'select * from u...')
#1 C:\xampp\htdocs\PocketsLocationsPHP\views\cabecalho.php(58): buscaEmail_user(NULL, 'admin@admin')
#2 C:\xampp\htdocs\PocketsLocationsPHP\views\addpockets.php(1): include_once('C:\\xampp\\htdocs...')
#3 C:\xampp\htdocs\PocketsLocationsPHP\routes\principal.php(31): include_once('C:\\xampp\\htdocs...')
#4 C:\xampp\htdocs\PocketsLocationsPHP\index.php(5): require_once('C:\\xampp\\htdocs...')
#5 {main}
  thrown in C:\xampp\htdocs\PocketsLocationsPHP\user\banco-usuario.php on line 13
[24-Oct-2024 23:19:19 Europe/Berlin] PHP Warning:  Undefined variable $conexao in C:\xampp\htdocs\PocketsLocationsPHP\views\cabecalho.php on line 58
[24-Oct-2024 23:19:19 Europe/Berlin] PHP Fatal error:  Uncaught TypeError: mysqli_query(): Argument #1 ($mysql) must be of type mysqli, null given in C:\xampp\htdocs\PocketsLocationsPHP\user\banco-usuario.php:13
Stack trace:
#0 C:\xampp\htdocs\PocketsLocationsPHP\user\banco-usuario.php(13): mysqli_query(NULL, 'select * from u...')
#1 C:\xampp\htdocs\PocketsLocationsPHP\views\cabecalho.php(58): buscaEmail_user(NULL, 'admin@admin')
#2 C:\xampp\htdocs\PocketsLocationsPHP\views\login.php(1): include_once('C:\\xampp\\htdocs...')
#3 C:\xampp\htdocs\PocketsLocationsPHP\routes\principal.php(53): include_once('C:\\xampp\\htdocs...')
#4 C:\xampp\htdocs\PocketsLocationsPHP\index.php(5): require_once('C:\\xampp\\htdocs...')
#5 {main}
  thrown in C:\xampp\htdocs\PocketsLocationsPHP\user\banco-usuario.php on line 13
[24-Oct-2024 23:19:24 Europe/Berlin] PHP Warning:  Undefined variable $conexao in C:\xampp\htdocs\PocketsLocationsPHP\views\cabecalho.php on line 58
[24-Oct-2024 23:19:24 Europe/Berlin] PHP Fatal error:  Uncaught TypeError: mysqli_query(): Argument #1 ($mysql) must be of type mysqli, null given in C:\xampp\htdocs\PocketsLocationsPHP\user\banco-usuario.php:13
Stack trace:
#0 C:\xampp\htdocs\PocketsLocationsPHP\user\banco-usuario.php(13): mysqli_query(NULL, 'select * from u...')
#1 C:\xampp\htdocs\PocketsLocationsPHP\views\cabecalho.php(58): buscaEmail_user(NULL, 'admin@admin')
#2 C:\xampp\htdocs\PocketsLocationsPHP\views\addpockets.php(1): include_once('C:\\xampp\\htdocs...')
#3 C:\xampp\htdocs\PocketsLocationsPHP\routes\principal.php(31): include_once('C:\\xampp\\htdocs...')
#4 C:\xampp\htdocs\PocketsLocationsPHP\index.php(5): require_once('C:\\xampp\\htdocs...')
#5 {main}
  thrown in C:\xampp\htdocs\PocketsLocationsPHP\user\banco-usuario.php on line 13
[24-Oct-2024 23:19:27 Europe/Berlin] PHP Warning:  Undefined variable $conexao in C:\xampp\htdocs\PocketsLocationsPHP\views\cabecalho.php on line 58
[24-Oct-2024 23:19:27 Europe/Berlin] PHP Fatal error:  Uncaught TypeError: mysqli_query(): Argument #1 ($mysql) must be of type mysqli, null given in C:\xampp\htdocs\PocketsLocationsPHP\user\banco-usuario.php:13
Stack trace:
#0 C:\xampp\htdocs\PocketsLocationsPHP\user\banco-usuario.php(13): mysqli_query(NULL, 'select * from u...')
#1 C:\xampp\htdocs\PocketsLocationsPHP\views\cabecalho.php(58): buscaEmail_user(NULL, 'admin@admin')
#2 C:\xampp\htdocs\PocketsLocationsPHP\views\index.php(1): include_once('C:\\xampp\\htdocs...')
#3 C:\xampp\htdocs\PocketsLocationsPHP\routes\principal.php(24): include_once('C:\\xampp\\htdocs...')
#4 C:\xampp\htdocs\PocketsLocationsPHP\index.php(5): require_once('C:\\xampp\\htdocs...')
#5 {main}
  thrown in C:\xampp\htdocs\PocketsLocationsPHP\user\banco-usuario.php on line 13
[24-Oct-2024 23:19:34 Europe/Berlin] PHP Warning:  Undefined variable $conexao in C:\xampp\htdocs\PocketsLocationsPHP\views\cabecalho.php on line 58
[24-Oct-2024 23:19:34 Europe/Berlin] PHP Fatal error:  Uncaught TypeError: mysqli_query(): Argument #1 ($mysql) must be of type mysqli, null given in C:\xampp\htdocs\PocketsLocationsPHP\user\banco-usuario.php:13
Stack trace:
#0 C:\xampp\htdocs\PocketsLocationsPHP\user\banco-usuario.php(13): mysqli_query(NULL, 'select * from u...')
#1 C:\xampp\htdocs\PocketsLocationsPHP\views\cabecalho.php(58): buscaEmail_user(NULL, 'admin@admin')
#2 C:\xampp\htdocs\PocketsLocationsPHP\views\index.php(1): include_once('C:\\xampp\\htdocs...')
#3 C:\xampp\htdocs\PocketsLocationsPHP\routes\principal.php(24): include_once('C:\\xampp\\htdocs...')
#4 C:\xampp\htdocs\PocketsLocationsPHP\index.php(5): require_once('C:\\xampp\\htdocs...')
#5 {main}
  thrown in C:\xampp\htdocs\PocketsLocationsPHP\user\banco-usuario.php on line 13
[24-Oct-2024 23:19:38 Europe/Berlin] PHP Warning:  Undefined variable $conexao in C:\xampp\htdocs\PocketsLocationsPHP\views\cabecalho.php on line 58
[24-Oct-2024 23:19:38 Europe/Berlin] PHP Fatal error:  Uncaught TypeError: mysqli_query(): Argument #1 ($mysql) must be of type mysqli, null given in C:\xampp\htdocs\PocketsLocationsPHP\user\banco-usuario.php:13
Stack trace:
#0 C:\xampp\htdocs\PocketsLocationsPHP\user\banco-usuario.php(13): mysqli_query(NULL, 'select * from u...')
#1 C:\xampp\htdocs\PocketsLocationsPHP\views\cabecalho.php(58): buscaEmail_user(NULL, 'admin@admin')
#2 C:\xampp\htdocs\PocketsLocationsPHP\views\index.php(1): include_once('C:\\xampp\\htdocs...')
#3 C:\xampp\htdocs\PocketsLocationsPHP\routes\principal.php(24): include_once('C:\\xampp\\htdocs...')
#4 C:\xampp\htdocs\PocketsLocationsPHP\index.php(5): require_once('C:\\xampp\\htdocs...')
#5 {main}
  thrown in C:\xampp\htdocs\PocketsLocationsPHP\user\banco-usuario.php on line 13
[24-Oct-2024 23:21:12 Europe/Berlin] PHP Warning:  Undefined variable $conexao in C:\xampp\htdocs\PocketsLocationsPHP\views\cabecalho.php on line 58
[24-Oct-2024 23:21:12 Europe/Berlin] PHP Fatal error:  Uncaught TypeError: mysqli_query(): Argument #1 ($mysql) must be of type mysqli, null given in C:\xampp\htdocs\PocketsLocationsPHP\user\banco-usuario.php:13
Stack trace:
#0 C:\xampp\htdocs\PocketsLocationsPHP\user\banco-usuario.php(13): mysqli_query(NULL, 'select * from u...')
#1 C:\xampp\htdocs\PocketsLocationsPHP\views\cabecalho.php(58): buscaEmail_user(NULL, 'admin@admin')
#2 C:\xampp\htdocs\PocketsLocationsPHP\views\addpockets.php(1): include_once('C:\\xampp\\htdocs...')
#3 C:\xampp\htdocs\PocketsLocationsPHP\routes\principal.php(31): include_once('C:\\xampp\\htdocs...')
#4 C:\xampp\htdocs\PocketsLocationsPHP\index.php(5): require_once('C:\\xampp\\htdocs...')
#5 {main}
  thrown in C:\xampp\htdocs\PocketsLocationsPHP\user\banco-usuario.php on line 13
[24-Oct-2024 23:22:31 Europe/Berlin] PHP Warning:  Undefined variable $conexao in C:\xampp\htdocs\PocketsLocationsPHP\views\cabecalho.php on line 58
[24-Oct-2024 23:22:31 Europe/Berlin] PHP Fatal error:  Uncaught TypeError: mysqli_query(): Argument #1 ($mysql) must be of type mysqli, null given in C:\xampp\htdocs\PocketsLocationsPHP\user\banco-usuario.php:13
Stack trace:
#0 C:\xampp\htdocs\PocketsLocationsPHP\user\banco-usuario.php(13): mysqli_query(NULL, 'select * from u...')
#1 C:\xampp\htdocs\PocketsLocationsPHP\views\cabecalho.php(58): buscaEmail_user(NULL, 'admin@admin')
#2 C:\xampp\htdocs\PocketsLocationsPHP\views\addpockets.php(1): include_once('C:\\xampp\\htdocs...')
#3 C:\xampp\htdocs\PocketsLocationsPHP\routes\principal.php(31): include_once('C:\\xampp\\htdocs...')
#4 C:\xampp\htdocs\PocketsLocationsPHP\index.php(5): require_once('C:\\xampp\\htdocs...')
#5 {main}
  thrown in C:\xampp\htdocs\PocketsLocationsPHP\user\banco-usuario.php on line 13
[24-Oct-2024 23:22:36 Europe/Berlin] PHP Warning:  Undefined variable $conexao in C:\xampp\htdocs\PocketsLocationsPHP\views\cabecalho.php on line 58
[24-Oct-2024 23:22:36 Europe/Berlin] PHP Fatal error:  Uncaught TypeError: mysqli_query(): Argument #1 ($mysql) must be of type mysqli, null given in C:\xampp\htdocs\PocketsLocationsPHP\user\banco-usuario.php:13
Stack trace:
#0 C:\xampp\htdocs\PocketsLocationsPHP\user\banco-usuario.php(13): mysqli_query(NULL, 'select * from u...')
#1 C:\xampp\htdocs\PocketsLocationsPHP\views\cabecalho.php(58): buscaEmail_user(NULL, 'admin@admin')
#2 C:\xampp\htdocs\PocketsLocationsPHP\views\addpockets.php(1): include_once('C:\\xampp\\htdocs...')
#3 C:\xampp\htdocs\PocketsLocationsPHP\routes\principal.php(31): include_once('C:\\xampp\\htdocs...')
#4 C:\xampp\htdocs\PocketsLocationsPHP\index.php(5): require_once('C:\\xampp\\htdocs...')
#5 {main}
  thrown in C:\xampp\htdocs\PocketsLocationsPHP\user\banco-usuario.php on line 13
[24-Oct-2024 23:22:39 Europe/Berlin] PHP Warning:  Undefined variable $conexao in C:\xampp\htdocs\PocketsLocationsPHP\views\cabecalho.php on line 58
[24-Oct-2024 23:22:39 Europe/Berlin] PHP Fatal error:  Uncaught TypeError: mysqli_query(): Argument #1 ($mysql) must be of type mysqli, null given in C:\xampp\htdocs\PocketsLocationsPHP\user\banco-usuario.php:13
Stack trace:
#0 C:\xampp\htdocs\PocketsLocationsPHP\user\banco-usuario.php(13): mysqli_query(NULL, 'select * from u...')
#1 C:\xampp\htdocs\PocketsLocationsPHP\views\cabecalho.php(58): buscaEmail_user(NULL, 'admin@admin')
#2 C:\xampp\htdocs\PocketsLocationsPHP\views\index.php(1): include_once('C:\\xampp\\htdocs...')
#3 C:\xampp\htdocs\PocketsLocationsPHP\routes\principal.php(24): include_once('C:\\xampp\\htdocs...')
#4 C:\xampp\htdocs\PocketsLocationsPHP\index.php(5): require_once('C:\\xampp\\htdocs...')
#5 {main}
  thrown in C:\xampp\htdocs\PocketsLocationsPHP\user\banco-usuario.php on line 13
[24-Oct-2024 23:22:39 Europe/Berlin] PHP Warning:  Undefined variable $conexao in C:\xampp\htdocs\PocketsLocationsPHP\views\cabecalho.php on line 58
[24-Oct-2024 23:22:39 Europe/Berlin] PHP Fatal error:  Uncaught TypeError: mysqli_query(): Argument #1 ($mysql) must be of type mysqli, null given in C:\xampp\htdocs\PocketsLocationsPHP\user\banco-usuario.php:13
Stack trace:
#0 C:\xampp\htdocs\PocketsLocationsPHP\user\banco-usuario.php(13): mysqli_query(NULL, 'select * from u...')
#1 C:\xampp\htdocs\PocketsLocationsPHP\views\cabecalho.php(58): buscaEmail_user(NULL, 'admin@admin')
#2 C:\xampp\htdocs\PocketsLocationsPHP\views\addpockets.php(1): include_once('C:\\xampp\\htdocs...')
#3 C:\xampp\htdocs\PocketsLocationsPHP\routes\principal.php(31): include_once('C:\\xampp\\htdocs...')
#4 C:\xampp\htdocs\PocketsLocationsPHP\index.php(5): require_once('C:\\xampp\\htdocs...')
#5 {main}
  thrown in C:\xampp\htdocs\PocketsLocationsPHP\user\banco-usuario.php on line 13
[24-Oct-2024 23:22:40 Europe/Berlin] PHP Warning:  Undefined variable $conexao in C:\xampp\htdocs\PocketsLocationsPHP\views\cabecalho.php on line 58
[24-Oct-2024 23:22:40 Europe/Berlin] PHP Fatal error:  Uncaught TypeError: mysqli_query(): Argument #1 ($mysql) must be of type mysqli, null given in C:\xampp\htdocs\PocketsLocationsPHP\user\banco-usuario.php:13
Stack trace:
#0 C:\xampp\htdocs\PocketsLocationsPHP\user\banco-usuario.php(13): mysqli_query(NULL, 'select * from u...')
#1 C:\xampp\htdocs\PocketsLocationsPHP\views\cabecalho.php(58): buscaEmail_user(NULL, 'admin@admin')
#2 C:\xampp\htdocs\PocketsLocationsPHP\views\login.php(1): include_once('C:\\xampp\\htdocs...')
#3 C:\xampp\htdocs\PocketsLocationsPHP\routes\principal.php(53): include_once('C:\\xampp\\htdocs...')
#4 C:\xampp\htdocs\PocketsLocationsPHP\index.php(5): require_once('C:\\xampp\\htdocs...')
#5 {main}
  thrown in C:\xampp\htdocs\PocketsLocationsPHP\user\banco-usuario.php on line 13
[24-Oct-2024 23:23:08 Europe/Berlin] PHP Warning:  Undefined variable $conexao in C:\xampp\htdocs\PocketsLocationsPHP\views\cabecalho.php on line 58
[24-Oct-2024 23:23:08 Europe/Berlin] PHP Fatal error:  Uncaught TypeError: mysqli_query(): Argument #1 ($mysql) must be of type mysqli, null given in C:\xampp\htdocs\PocketsLocationsPHP\user\banco-usuario.php:13
Stack trace:
#0 C:\xampp\htdocs\PocketsLocationsPHP\user\banco-usuario.php(13): mysqli_query(NULL, 'select * from u...')
#1 C:\xampp\htdocs\PocketsLocationsPHP\views\cabecalho.php(58): buscaEmail_user(NULL, 'admin@admin')
#2 C:\xampp\htdocs\PocketsLocationsPHP\views\login.php(1): include_once('C:\\xampp\\htdocs...')
#3 C:\xampp\htdocs\PocketsLocationsPHP\routes\principal.php(53): include_once('C:\\xampp\\htdocs...')
#4 C:\xampp\htdocs\PocketsLocationsPHP\index.php(5): require_once('C:\\xampp\\htdocs...')
#5 {main}
  thrown in C:\xampp\htdocs\PocketsLocationsPHP\user\banco-usuario.php on line 13
[24-Oct-2024 23:23:26 Europe/Berlin] PHP Warning:  Undefined variable $conexao in C:\xampp\htdocs\PocketsLocationsPHP\views\cabecalho.php on line 58
[24-Oct-2024 23:23:26 Europe/Berlin] PHP Fatal error:  Uncaught TypeError: mysqli_query(): Argument #1 ($mysql) must be of type mysqli, null given in C:\xampp\htdocs\PocketsLocationsPHP\user\banco-usuario.php:13
Stack trace:
#0 C:\xampp\htdocs\PocketsLocationsPHP\user\banco-usuario.php(13): mysqli_query(NULL, 'select * from u...')
#1 C:\xampp\htdocs\PocketsLocationsPHP\views\cabecalho.php(58): buscaEmail_user(NULL, 'admin@admin')
#2 C:\xampp\htdocs\PocketsLocationsPHP\views\login.php(1): include_once('C:\\xampp\\htdocs...')
#3 C:\xampp\htdocs\PocketsLocationsPHP\routes\principal.php(53): include_once('C:\\xampp\\htdocs...')
#4 C:\xampp\htdocs\PocketsLocationsPHP\index.php(5): require_once('C:\\xampp\\htdocs...')
#5 {main}
  thrown in C:\xampp\htdocs\PocketsLocationsPHP\user\banco-usuario.php on line 13
[24-Oct-2024 23:24:39 Europe/Berlin] PHP Warning:  Undefined variable $conexao in C:\xampp\htdocs\PocketsLocationsPHP\views\cabecalho.php on line 58
[24-Oct-2024 23:24:39 Europe/Berlin] PHP Fatal error:  Uncaught TypeError: mysqli_query(): Argument #1 ($mysql) must be of type mysqli, null given in C:\xampp\htdocs\PocketsLocationsPHP\user\banco-usuario.php:13
Stack trace:
#0 C:\xampp\htdocs\PocketsLocationsPHP\user\banco-usuario.php(13): mysqli_query(NULL, 'select * from u...')
#1 C:\xampp\htdocs\PocketsLocationsPHP\views\cabecalho.php(58): buscaEmail_user(NULL, 'admin@admin')
#2 C:\xampp\htdocs\PocketsLocationsPHP\views\login.php(1): include_once('C:\\xampp\\htdocs...')
#3 C:\xampp\htdocs\PocketsLocationsPHP\routes\principal.php(53): include_once('C:\\xampp\\htdocs...')
#4 C:\xampp\htdocs\PocketsLocationsPHP\index.php(5): require_once('C:\\xampp\\htdocs...')
#5 {main}
  thrown in C:\xampp\htdocs\PocketsLocationsPHP\user\banco-usuario.php on line 13
[24-Oct-2024 23:25:12 Europe/Berlin] PHP Warning:  Undefined variable $conexao in C:\xampp\htdocs\PocketsLocationsPHP\views\cabecalho.php on line 58
[24-Oct-2024 23:25:12 Europe/Berlin] PHP Fatal error:  Uncaught TypeError: mysqli_query(): Argument #1 ($mysql) must be of type mysqli, null given in C:\xampp\htdocs\PocketsLocationsPHP\user\banco-usuario.php:13
Stack trace:
#0 C:\xampp\htdocs\PocketsLocationsPHP\user\banco-usuario.php(13): mysqli_query(NULL, 'select * from u...')
#1 C:\xampp\htdocs\PocketsLocationsPHP\views\cabecalho.php(58): buscaEmail_user(NULL, 'admin@admin')
#2 C:\xampp\htdocs\PocketsLocationsPHP\views\login.php(1): include_once('C:\\xampp\\htdocs...')
#3 C:\xampp\htdocs\PocketsLocationsPHP\routes\principal.php(53): include_once('C:\\xampp\\htdocs...')
#4 C:\xampp\htdocs\PocketsLocationsPHP\index.php(5): require_once('C:\\xampp\\htdocs...')
#5 {main}
  thrown in C:\xampp\htdocs\PocketsLocationsPHP\user\banco-usuario.php on line 13
[24-Oct-2024 23:25:14 Europe/Berlin] PHP Warning:  Undefined variable $conexao in C:\xampp\htdocs\PocketsLocationsPHP\views\cabecalho.php on line 58
[24-Oct-2024 23:25:14 Europe/Berlin] PHP Fatal error:  Uncaught TypeError: mysqli_query(): Argument #1 ($mysql) must be of type mysqli, null given in C:\xampp\htdocs\PocketsLocationsPHP\user\banco-usuario.php:13
Stack trace:
#0 C:\xampp\htdocs\PocketsLocationsPHP\user\banco-usuario.php(13): mysqli_query(NULL, 'select * from u...')
#1 C:\xampp\htdocs\PocketsLocationsPHP\views\cabecalho.php(58): buscaEmail_user(NULL, 'admin@admin')
#2 C:\xampp\htdocs\PocketsLocationsPHP\views\login.php(1): include_once('C:\\xampp\\htdocs...')
#3 C:\xampp\htdocs\PocketsLocationsPHP\routes\principal.php(53): include_once('C:\\xampp\\htdocs...')
#4 C:\xampp\htdocs\PocketsLocationsPHP\index.php(5): require_once('C:\\xampp\\htdocs...')
#5 {main}
  thrown in C:\xampp\htdocs\PocketsLocationsPHP\user\banco-usuario.php on line 13
[24-Oct-2024 23:25:16 Europe/Berlin] PHP Warning:  Undefined variable $conexao in C:\xampp\htdocs\PocketsLocationsPHP\views\cabecalho.php on line 58
[24-Oct-2024 23:25:16 Europe/Berlin] PHP Fatal error:  Uncaught TypeError: mysqli_query(): Argument #1 ($mysql) must be of type mysqli, null given in C:\xampp\htdocs\PocketsLocationsPHP\user\banco-usuario.php:13
Stack trace:
#0 C:\xampp\htdocs\PocketsLocationsPHP\user\banco-usuario.php(13): mysqli_query(NULL, 'select * from u...')
#1 C:\xampp\htdocs\PocketsLocationsPHP\views\cabecalho.php(58): buscaEmail_user(NULL, 'admin@admin')
#2 C:\xampp\htdocs\PocketsLocationsPHP\views\addpockets.php(1): include_once('C:\\xampp\\htdocs...')
#3 C:\xampp\htdocs\PocketsLocationsPHP\routes\principal.php(31): include_once('C:\\xampp\\htdocs...')
#4 C:\xampp\htdocs\PocketsLocationsPHP\index.php(5): require_once('C:\\xampp\\htdocs...')
#5 {main}
  thrown in C:\xampp\htdocs\PocketsLocationsPHP\user\banco-usuario.php on line 13
[24-Oct-2024 23:25:17 Europe/Berlin] PHP Warning:  Undefined variable $conexao in C:\xampp\htdocs\PocketsLocationsPHP\views\cabecalho.php on line 58
[24-Oct-2024 23:25:17 Europe/Berlin] PHP Fatal error:  Uncaught TypeError: mysqli_query(): Argument #1 ($mysql) must be of type mysqli, null given in C:\xampp\htdocs\PocketsLocationsPHP\user\banco-usuario.php:13
Stack trace:
#0 C:\xampp\htdocs\PocketsLocationsPHP\user\banco-usuario.php(13): mysqli_query(NULL, 'select * from u...')
#1 C:\xampp\htdocs\PocketsLocationsPHP\views\cabecalho.php(58): buscaEmail_user(NULL, 'admin@admin')
#2 C:\xampp\htdocs\PocketsLocationsPHP\views\login.php(1): include_once('C:\\xampp\\htdocs...')
#3 C:\xampp\htdocs\PocketsLocationsPHP\routes\principal.php(53): include_once('C:\\xampp\\htdocs...')
#4 C:\xampp\htdocs\PocketsLocationsPHP\index.php(5): require_once('C:\\xampp\\htdocs...')
#5 {main}
  thrown in C:\xampp\htdocs\PocketsLocationsPHP\user\banco-usuario.php on line 13
[24-Oct-2024 23:25:35 Europe/Berlin] PHP Warning:  Undefined variable $conexao in C:\xampp\htdocs\PocketsLocationsPHP\views\cabecalho.php on line 58
[24-Oct-2024 23:25:35 Europe/Berlin] PHP Fatal error:  Uncaught TypeError: mysqli_query(): Argument #1 ($mysql) must be of type mysqli, null given in C:\xampp\htdocs\PocketsLocationsPHP\user\banco-usuario.php:13
Stack trace:
#0 C:\xampp\htdocs\PocketsLocationsPHP\user\banco-usuario.php(13): mysqli_query(NULL, 'select * from u...')
#1 C:\xampp\htdocs\PocketsLocationsPHP\views\cabecalho.php(58): buscaEmail_user(NULL, 'admin@admin')
#2 C:\xampp\htdocs\PocketsLocationsPHP\views\addpockets.php(1): include_once('C:\\xampp\\htdocs...')
#3 C:\xampp\htdocs\PocketsLocationsPHP\routes\principal.php(31): include_once('C:\\xampp\\htdocs...')
#4 C:\xampp\htdocs\PocketsLocationsPHP\index.php(5): require_once('C:\\xampp\\htdocs...')
#5 {main}
  thrown in C:\xampp\htdocs\PocketsLocationsPHP\user\banco-usuario.php on line 13
[24-Oct-2024 23:25:39 Europe/Berlin] PHP Warning:  Undefined variable $conexao in C:\xampp\htdocs\PocketsLocationsPHP\views\cabecalho.php on line 58
[24-Oct-2024 23:25:39 Europe/Berlin] PHP Fatal error:  Uncaught TypeError: mysqli_query(): Argument #1 ($mysql) must be of type mysqli, null given in C:\xampp\htdocs\PocketsLocationsPHP\user\banco-usuario.php:13
Stack trace:
#0 C:\xampp\htdocs\PocketsLocationsPHP\user\banco-usuario.php(13): mysqli_query(NULL, 'select * from u...')
#1 C:\xampp\htdocs\PocketsLocationsPHP\views\cabecalho.php(58): buscaEmail_user(NULL, 'admin@admin')
#2 C:\xampp\htdocs\PocketsLocationsPHP\views\index.php(1): include_once('C:\\xampp\\htdocs...')
#3 C:\xampp\htdocs\PocketsLocationsPHP\routes\principal.php(24): include_once('C:\\xampp\\htdocs...')
#4 C:\xampp\htdocs\PocketsLocationsPHP\index.php(5): require_once('C:\\xampp\\htdocs...')
#5 {main}
  thrown in C:\xampp\htdocs\PocketsLocationsPHP\user\banco-usuario.php on line 13
[24-Oct-2024 23:26:32 Europe/Berlin] PHP Warning:  Undefined variable $conexao in C:\xampp\htdocs\PocketsLocationsPHP\views\cabecalho.php on line 58
[24-Oct-2024 23:26:32 Europe/Berlin] PHP Fatal error:  Uncaught TypeError: mysqli_query(): Argument #1 ($mysql) must be of type mysqli, null given in C:\xampp\htdocs\PocketsLocationsPHP\user\banco-usuario.php:13
Stack trace:
#0 C:\xampp\htdocs\PocketsLocationsPHP\user\banco-usuario.php(13): mysqli_query(NULL, 'select * from u...')
#1 C:\xampp\htdocs\PocketsLocationsPHP\views\cabecalho.php(58): buscaEmail_user(NULL, 'admin@admin')
#2 C:\xampp\htdocs\PocketsLocationsPHP\views\index.php(1): include_once('C:\\xampp\\htdocs...')
#3 C:\xampp\htdocs\PocketsLocationsPHP\routes\principal.php(24): include_once('C:\\xampp\\htdocs...')
#4 C:\xampp\htdocs\PocketsLocationsPHP\index.php(5): require_once('C:\\xampp\\htdocs...')
#5 {main}
  thrown in C:\xampp\htdocs\PocketsLocationsPHP\user\banco-usuario.php on line 13
[24-Oct-2024 23:26:43 Europe/Berlin] PHP Warning:  Undefined variable $conexao in C:\xampp\htdocs\PocketsLocationsPHP\views\cabecalho.php on line 58
[24-Oct-2024 23:26:43 Europe/Berlin] PHP Fatal error:  Uncaught TypeError: mysqli_query(): Argument #1 ($mysql) must be of type mysqli, null given in C:\xampp\htdocs\PocketsLocationsPHP\user\banco-usuario.php:13
Stack trace:
#0 C:\xampp\htdocs\PocketsLocationsPHP\user\banco-usuario.php(13): mysqli_query(NULL, 'select * from u...')
#1 C:\xampp\htdocs\PocketsLocationsPHP\views\cabecalho.php(58): buscaEmail_user(NULL, 'admin@admin')
#2 C:\xampp\htdocs\PocketsLocationsPHP\views\addpockets.php(1): include_once('C:\\xampp\\htdocs...')
#3 C:\xampp\htdocs\PocketsLocationsPHP\routes\principal.php(31): include_once('C:\\xampp\\htdocs...')
#4 C:\xampp\htdocs\PocketsLocationsPHP\index.php(5): require_once('C:\\xampp\\htdocs...')
#5 {main}
  thrown in C:\xampp\htdocs\PocketsLocationsPHP\user\banco-usuario.php on line 13
[24-Oct-2024 23:27:44 Europe/Berlin] PHP Warning:  Undefined variable $conexao in C:\xampp\htdocs\PocketsLocationsPHP\views\cabecalho.php on line 58
[24-Oct-2024 23:27:44 Europe/Berlin] PHP Fatal error:  Uncaught TypeError: mysqli_query(): Argument #1 ($mysql) must be of type mysqli, null given in C:\xampp\htdocs\PocketsLocationsPHP\user\banco-usuario.php:13
Stack trace:
#0 C:\xampp\htdocs\PocketsLocationsPHP\user\banco-usuario.php(13): mysqli_query(NULL, 'select * from u...')
#1 C:\xampp\htdocs\PocketsLocationsPHP\views\cabecalho.php(58): buscaEmail_user(NULL, 'admin@admin')
#2 C:\xampp\htdocs\PocketsLocationsPHP\views\addpockets.php(1): include_once('C:\\xampp\\htdocs...')
#3 C:\xampp\htdocs\PocketsLocationsPHP\routes\principal.php(31): include_once('C:\\xampp\\htdocs...')
#4 C:\xampp\htdocs\PocketsLocationsPHP\index.php(5): require_once('C:\\xampp\\htdocs...')
#5 {main}
  thrown in C:\xampp\htdocs\PocketsLocationsPHP\user\banco-usuario.php on line 13
[24-Oct-2024 23:27:48 Europe/Berlin] PHP Warning:  Undefined variable $conexao in C:\xampp\htdocs\PocketsLocationsPHP\views\cabecalho.php on line 58
[24-Oct-2024 23:27:48 Europe/Berlin] PHP Fatal error:  Uncaught TypeError: mysqli_query(): Argument #1 ($mysql) must be of type mysqli, null given in C:\xampp\htdocs\PocketsLocationsPHP\user\banco-usuario.php:13
Stack trace:
#0 C:\xampp\htdocs\PocketsLocationsPHP\user\banco-usuario.php(13): mysqli_query(NULL, 'select * from u...')
#1 C:\xampp\htdocs\PocketsLocationsPHP\views\cabecalho.php(58): buscaEmail_user(NULL, 'admin@admin')
#2 C:\xampp\htdocs\PocketsLocationsPHP\views\addpockets.php(1): include_once('C:\\xampp\\htdocs...')
#3 C:\xampp\htdocs\PocketsLocationsPHP\routes\principal.php(31): include_once('C:\\xampp\\htdocs...')
#4 C:\xampp\htdocs\PocketsLocationsPHP\index.php(5): require_once('C:\\xampp\\htdocs...')
#5 {main}
  thrown in C:\xampp\htdocs\PocketsLocationsPHP\user\banco-usuario.php on line 13
[24-Oct-2024 23:27:50 Europe/Berlin] PHP Warning:  Undefined variable $conexao in C:\xampp\htdocs\PocketsLocationsPHP\views\cabecalho.php on line 58
[24-Oct-2024 23:27:50 Europe/Berlin] PHP Fatal error:  Uncaught TypeError: mysqli_query(): Argument #1 ($mysql) must be of type mysqli, null given in C:\xampp\htdocs\PocketsLocationsPHP\user\banco-usuario.php:13
Stack trace:
#0 C:\xampp\htdocs\PocketsLocationsPHP\user\banco-usuario.php(13): mysqli_query(NULL, 'select * from u...')
#1 C:\xampp\htdocs\PocketsLocationsPHP\views\cabecalho.php(58): buscaEmail_user(NULL, 'admin@admin')
#2 C:\xampp\htdocs\PocketsLocationsPHP\views\addpockets.php(1): include_once('C:\\xampp\\htdocs...')
#3 C:\xampp\htdocs\PocketsLocationsPHP\routes\principal.php(31): include_once('C:\\xampp\\htdocs...')
#4 C:\xampp\htdocs\PocketsLocationsPHP\index.php(5): require_once('C:\\xampp\\htdocs...')
#5 {main}
  thrown in C:\xampp\htdocs\PocketsLocationsPHP\user\banco-usuario.php on line 13
[24-Oct-2024 23:27:52 Europe/Berlin] PHP Warning:  Undefined variable $conexao in C:\xampp\htdocs\PocketsLocationsPHP\views\cabecalho.php on line 58
[24-Oct-2024 23:27:52 Europe/Berlin] PHP Fatal error:  Uncaught TypeError: mysqli_query(): Argument #1 ($mysql) must be of type mysqli, null given in C:\xampp\htdocs\PocketsLocationsPHP\user\banco-usuario.php:13
Stack trace:
#0 C:\xampp\htdocs\PocketsLocationsPHP\user\banco-usuario.php(13): mysqli_query(NULL, 'select * from u...')
#1 C:\xampp\htdocs\PocketsLocationsPHP\views\cabecalho.php(58): buscaEmail_user(NULL, 'admin@admin')
#2 C:\xampp\htdocs\PocketsLocationsPHP\views\addpockets.php(1): include_once('C:\\xampp\\htdocs...')
#3 C:\xampp\htdocs\PocketsLocationsPHP\routes\principal.php(31): include_once('C:\\xampp\\htdocs...')
#4 C:\xampp\htdocs\PocketsLocationsPHP\index.php(5): require_once('C:\\xampp\\htdocs...')
#5 {main}
  thrown in C:\xampp\htdocs\PocketsLocationsPHP\user\banco-usuario.php on line 13
[25-Oct-2024 01:34:14 Europe/Berlin] PHP Warning:  Undefined variable $conexao in C:\xampp\htdocs\PocketsLocationsPHP\views\cabecalho.php on line 58
[25-Oct-2024 01:34:14 Europe/Berlin] PHP Fatal error:  Uncaught TypeError: mysqli_query(): Argument #1 ($mysql) must be of type mysqli, null given in C:\xampp\htdocs\PocketsLocationsPHP\user\banco-usuario.php:13
Stack trace:
#0 C:\xampp\htdocs\PocketsLocationsPHP\user\banco-usuario.php(13): mysqli_query(NULL, 'select * from u...')
#1 C:\xampp\htdocs\PocketsLocationsPHP\views\cabecalho.php(58): buscaEmail_user(NULL, 'admin@admin')
#2 C:\xampp\htdocs\PocketsLocationsPHP\views\addpockets.php(1): include_once('C:\\xampp\\htdocs...')
#3 C:\xampp\htdocs\PocketsLocationsPHP\routes\principal.php(31): include_once('C:\\xampp\\htdocs...')
#4 C:\xampp\htdocs\PocketsLocationsPHP\index.php(5): require_once('C:\\xampp\\htdocs...')
#5 {main}
  thrown in C:\xampp\htdocs\PocketsLocationsPHP\user\banco-usuario.php on line 13
[25-Oct-2024 01:34:45 Europe/Berlin] PHP Warning:  Undefined variable $conexao in C:\xampp\htdocs\PocketsLocationsPHP\views\cabecalho.php on line 58
[25-Oct-2024 01:34:45 Europe/Berlin] PHP Fatal error:  Uncaught TypeError: mysqli_query(): Argument #1 ($mysql) must be of type mysqli, null given in C:\xampp\htdocs\PocketsLocationsPHP\user\banco-usuario.php:13
Stack trace:
#0 C:\xampp\htdocs\PocketsLocationsPHP\user\banco-usuario.php(13): mysqli_query(NULL, 'select * from u...')
#1 C:\xampp\htdocs\PocketsLocationsPHP\views\cabecalho.php(58): buscaEmail_user(NULL, 'admin@admin')
#2 C:\xampp\htdocs\PocketsLocationsPHP\views\addpockets.php(1): include_once('C:\\xampp\\htdocs...')
#3 C:\xampp\htdocs\PocketsLocationsPHP\routes\principal.php(31): include_once('C:\\xampp\\htdocs...')
#4 C:\xampp\htdocs\PocketsLocationsPHP\index.php(5): require_once('C:\\xampp\\htdocs...')
#5 {main}
  thrown in C:\xampp\htdocs\PocketsLocationsPHP\user\banco-usuario.php on line 13
[25-Oct-2024 01:35:20 Europe/Berlin] PHP Warning:  Undefined variable $conexao in C:\xampp\htdocs\PocketsLocationsPHP\views\cabecalho.php on line 58
[25-Oct-2024 01:35:20 Europe/Berlin] PHP Fatal error:  Uncaught TypeError: mysqli_query(): Argument #1 ($mysql) must be of type mysqli, null given in C:\xampp\htdocs\PocketsLocationsPHP\user\banco-usuario.php:13
Stack trace:
#0 C:\xampp\htdocs\PocketsLocationsPHP\user\banco-usuario.php(13): mysqli_query(NULL, 'select * from u...')
#1 C:\xampp\htdocs\PocketsLocationsPHP\views\cabecalho.php(58): buscaEmail_user(NULL, 'admin@admin')
#2 C:\xampp\htdocs\PocketsLocationsPHP\views\addpockets.php(1): include_once('C:\\xampp\\htdocs...')
#3 C:\xampp\htdocs\PocketsLocationsPHP\routes\principal.php(31): include_once('C:\\xampp\\htdocs...')
#4 C:\xampp\htdocs\PocketsLocationsPHP\index.php(5): require_once('C:\\xampp\\htdocs...')
#5 {main}
  thrown in C:\xampp\htdocs\PocketsLocationsPHP\user\banco-usuario.php on line 13
[25-Oct-2024 01:35:26 Europe/Berlin] PHP Warning:  Undefined variable $conexao in C:\xampp\htdocs\PocketsLocationsPHP\views\cabecalho.php on line 58
[25-Oct-2024 01:35:26 Europe/Berlin] PHP Fatal error:  Uncaught TypeError: mysqli_query(): Argument #1 ($mysql) must be of type mysqli, null given in C:\xampp\htdocs\PocketsLocationsPHP\user\banco-usuario.php:13
Stack trace:
#0 C:\xampp\htdocs\PocketsLocationsPHP\user\banco-usuario.php(13): mysqli_query(NULL, 'select * from u...')
#1 C:\xampp\htdocs\PocketsLocationsPHP\views\cabecalho.php(58): buscaEmail_user(NULL, 'admin@admin')
#2 C:\xampp\htdocs\PocketsLocationsPHP\views\index.php(1): include_once('C:\\xampp\\htdocs...')
#3 C:\xampp\htdocs\PocketsLocationsPHP\routes\principal.php(24): include_once('C:\\xampp\\htdocs...')
#4 C:\xampp\htdocs\PocketsLocationsPHP\index.php(5): require_once('C:\\xampp\\htdocs...')
#5 {main}
  thrown in C:\xampp\htdocs\PocketsLocationsPHP\user\banco-usuario.php on line 13
[25-Oct-2024 01:37:27 Europe/Berlin] PHP Warning:  Undefined variable $conexao in C:\xampp\htdocs\PocketsLocationsPHP\views\cabecalho.php on line 58
[25-Oct-2024 01:37:27 Europe/Berlin] PHP Fatal error:  Uncaught TypeError: mysqli_query(): Argument #1 ($mysql) must be of type mysqli, null given in C:\xampp\htdocs\PocketsLocationsPHP\user\banco-usuario.php:13
Stack trace:
#0 C:\xampp\htdocs\PocketsLocationsPHP\user\banco-usuario.php(13): mysqli_query(NULL, 'select * from u...')
#1 C:\xampp\htdocs\PocketsLocationsPHP\views\cabecalho.php(58): buscaEmail_user(NULL, 'admin@admin')
#2 C:\xampp\htdocs\PocketsLocationsPHP\views\addpockets.php(1): include_once('C:\\xampp\\htdocs...')
#3 C:\xampp\htdocs\PocketsLocationsPHP\routes\principal.php(31): include_once('C:\\xampp\\htdocs...')
#4 C:\xampp\htdocs\PocketsLocationsPHP\index.php(5): require_once('C:\\xampp\\htdocs...')
#5 {main}
  thrown in C:\xampp\htdocs\PocketsLocationsPHP\user\banco-usuario.php on line 13
[25-Oct-2024 02:13:10 Europe/Berlin] PHP Fatal error:  Uncaught Error: Cannot use object of type Pocket as array in C:\xampp\htdocs\PocketsLocationsPHP\views\addpockets.php:6
Stack trace:
#0 C:\xampp\htdocs\PocketsLocationsPHP\routes\principal.php(31): include_once()
#1 C:\xampp\htdocs\PocketsLocationsPHP\index.php(5): require_once('C:\\xampp\\htdocs...')
#2 {main}
  thrown in C:\xampp\htdocs\PocketsLocationsPHP\views\addpockets.php on line 6
[25-Oct-2024 02:17:28 Europe/Berlin] PHP Warning:  Undefined array key "id" in C:\xampp\htdocs\PocketsLocationsPHP\routes\principal.php on line 74
[25-Oct-2024 02:17:28 Europe/Berlin] PHP Warning:  Trying to access array offset on value of type null in C:\xampp\htdocs\PocketsLocationsPHP\views\editpockets.php on line 6
[25-Oct-2024 02:17:28 Europe/Berlin] PHP Warning:  Trying to access array offset on value of type null in C:\xampp\htdocs\PocketsLocationsPHP\views\editpockets.php on line 7
[25-Oct-2024 02:17:28 Europe/Berlin] PHP Warning:  Trying to access array offset on value of type null in C:\xampp\htdocs\PocketsLocationsPHP\views\editpockets.php on line 8
[25-Oct-2024 02:17:28 Europe/Berlin] PHP Warning:  Trying to access array offset on value of type null in C:\xampp\htdocs\PocketsLocationsPHP\views\editpockets.php on line 9
[25-Oct-2024 02:17:28 Europe/Berlin] PHP Warning:  Trying to access array offset on value of type null in C:\xampp\htdocs\PocketsLocationsPHP\views\editpockets.php on line 10
[25-Oct-2024 02:17:28 Europe/Berlin] PHP Warning:  Trying to access array offset on value of type null in C:\xampp\htdocs\PocketsLocationsPHP\views\editpockets.php on line 11
[25-Oct-2024 02:17:28 Europe/Berlin] PHP Warning:  Trying to access array offset on value of type null in C:\xampp\htdocs\PocketsLocationsPHP\views\editpockets.php on line 12
[25-Oct-2024 02:17:28 Europe/Berlin] PHP Warning:  Trying to access array offset on value of type null in C:\xampp\htdocs\PocketsLocationsPHP\views\editpockets.php on line 13
[25-Oct-2024 02:18:45 Europe/Berlin] PHP Warning:  Undefined array key "id" in C:\xampp\htdocs\PocketsLocationsPHP\routes\principal.php on line 74
[25-Oct-2024 02:18:45 Europe/Berlin] PHP Warning:  Trying to access array offset on value of type null in C:\xampp\htdocs\PocketsLocationsPHP\views\editpockets.php on line 6
[25-Oct-2024 02:18:45 Europe/Berlin] PHP Warning:  Trying to access array offset on value of type null in C:\xampp\htdocs\PocketsLocationsPHP\views\editpockets.php on line 7
[25-Oct-2024 02:18:45 Europe/Berlin] PHP Warning:  Trying to access array offset on value of type null in C:\xampp\htdocs\PocketsLocationsPHP\views\editpockets.php on line 8
[25-Oct-2024 02:18:45 Europe/Berlin] PHP Warning:  Trying to access array offset on value of type null in C:\xampp\htdocs\PocketsLocationsPHP\views\editpockets.php on line 9
[25-Oct-2024 02:18:45 Europe/Berlin] PHP Warning:  Trying to access array offset on value of type null in C:\xampp\htdocs\PocketsLocationsPHP\views\editpockets.php on line 10
[25-Oct-2024 02:18:45 Europe/Berlin] PHP Warning:  Trying to access array offset on value of type null in C:\xampp\htdocs\PocketsLocationsPHP\views\editpockets.php on line 11
[25-Oct-2024 02:18:45 Europe/Berlin] PHP Warning:  Trying to access array offset on value of type null in C:\xampp\htdocs\PocketsLocationsPHP\views\editpockets.php on line 12
[25-Oct-2024 02:18:45 Europe/Berlin] PHP Warning:  Trying to access array offset on value of type null in C:\xampp\htdocs\PocketsLocationsPHP\views\editpockets.php on line 13
[25-Oct-2024 02:19:34 Europe/Berlin] PHP Warning:  Undefined array key "id" in C:\xampp\htdocs\PocketsLocationsPHP\routes\principal.php on line 74
[25-Oct-2024 02:19:34 Europe/Berlin] PHP Warning:  Trying to access array offset on value of type null in C:\xampp\htdocs\PocketsLocationsPHP\views\editpockets.php on line 6
[25-Oct-2024 02:19:34 Europe/Berlin] PHP Warning:  Trying to access array offset on value of type null in C:\xampp\htdocs\PocketsLocationsPHP\views\editpockets.php on line 7
[25-Oct-2024 02:19:34 Europe/Berlin] PHP Warning:  Trying to access array offset on value of type null in C:\xampp\htdocs\PocketsLocationsPHP\views\editpockets.php on line 8
[25-Oct-2024 02:19:34 Europe/Berlin] PHP Warning:  Trying to access array offset on value of type null in C:\xampp\htdocs\PocketsLocationsPHP\views\editpockets.php on line 9
[25-Oct-2024 02:19:34 Europe/Berlin] PHP Warning:  Trying to access array offset on value of type null in C:\xampp\htdocs\PocketsLocationsPHP\views\editpockets.php on line 10
[25-Oct-2024 02:19:34 Europe/Berlin] PHP Warning:  Trying to access array offset on value of type null in C:\xampp\htdocs\PocketsLocationsPHP\views\editpockets.php on line 11
[25-Oct-2024 02:19:34 Europe/Berlin] PHP Warning:  Trying to access array offset on value of type null in C:\xampp\htdocs\PocketsLocationsPHP\views\editpockets.php on line 12
[25-Oct-2024 02:19:34 Europe/Berlin] PHP Warning:  Trying to access array offset on value of type null in C:\xampp\htdocs\PocketsLocationsPHP\views\editpockets.php on line 13
[25-Oct-2024 02:19:58 Europe/Berlin] PHP Warning:  Undefined array key "id" in C:\xampp\htdocs\PocketsLocationsPHP\routes\principal.php on line 74
[25-Oct-2024 02:19:58 Europe/Berlin] PHP Warning:  Trying to access array offset on value of type null in C:\xampp\htdocs\PocketsLocationsPHP\views\editpockets.php on line 6
[25-Oct-2024 02:19:58 Europe/Berlin] PHP Warning:  Trying to access array offset on value of type null in C:\xampp\htdocs\PocketsLocationsPHP\views\editpockets.php on line 7
[25-Oct-2024 02:19:58 Europe/Berlin] PHP Warning:  Trying to access array offset on value of type null in C:\xampp\htdocs\PocketsLocationsPHP\views\editpockets.php on line 8
[25-Oct-2024 02:19:58 Europe/Berlin] PHP Warning:  Trying to access array offset on value of type null in C:\xampp\htdocs\PocketsLocationsPHP\views\editpockets.php on line 9
[25-Oct-2024 02:19:58 Europe/Berlin] PHP Warning:  Trying to access array offset on value of type null in C:\xampp\htdocs\PocketsLocationsPHP\views\editpockets.php on line 10
[25-Oct-2024 02:19:58 Europe/Berlin] PHP Warning:  Trying to access array offset on value of type null in C:\xampp\htdocs\PocketsLocationsPHP\views\editpockets.php on line 11
[25-Oct-2024 02:19:58 Europe/Berlin] PHP Warning:  Trying to access array offset on value of type null in C:\xampp\htdocs\PocketsLocationsPHP\views\editpockets.php on line 12
[25-Oct-2024 02:19:58 Europe/Berlin] PHP Warning:  Trying to access array offset on value of type null in C:\xampp\htdocs\PocketsLocationsPHP\views\editpockets.php on line 13
[25-Oct-2024 02:20:00 Europe/Berlin] PHP Warning:  Undefined array key "id" in C:\xampp\htdocs\PocketsLocationsPHP\routes\principal.php on line 74
[25-Oct-2024 02:20:00 Europe/Berlin] PHP Warning:  Trying to access array offset on value of type null in C:\xampp\htdocs\PocketsLocationsPHP\views\editpockets.php on line 6
[25-Oct-2024 02:20:00 Europe/Berlin] PHP Warning:  Trying to access array offset on value of type null in C:\xampp\htdocs\PocketsLocationsPHP\views\editpockets.php on line 7
[25-Oct-2024 02:20:00 Europe/Berlin] PHP Warning:  Trying to access array offset on value of type null in C:\xampp\htdocs\PocketsLocationsPHP\views\editpockets.php on line 8
[25-Oct-2024 02:20:00 Europe/Berlin] PHP Warning:  Trying to access array offset on value of type null in C:\xampp\htdocs\PocketsLocationsPHP\views\editpockets.php on line 9
[25-Oct-2024 02:20:00 Europe/Berlin] PHP Warning:  Trying to access array offset on value of type null in C:\xampp\htdocs\PocketsLocationsPHP\views\editpockets.php on line 10
[25-Oct-2024 02:20:00 Europe/Berlin] PHP Warning:  Trying to access array offset on value of type null in C:\xampp\htdocs\PocketsLocationsPHP\views\editpockets.php on line 11
[25-Oct-2024 02:20:00 Europe/Berlin] PHP Warning:  Trying to access array offset on value of type null in C:\xampp\htdocs\PocketsLocationsPHP\views\editpockets.php on line 12
[25-Oct-2024 02:20:00 Europe/Berlin] PHP Warning:  Trying to access array offset on value of type null in C:\xampp\htdocs\PocketsLocationsPHP\views\editpockets.php on line 13
[25-Oct-2024 02:20:13 Europe/Berlin] PHP Warning:  Undefined array key "id" in C:\xampp\htdocs\PocketsLocationsPHP\routes\principal.php on line 74
[25-Oct-2024 02:20:13 Europe/Berlin] PHP Warning:  Trying to access array offset on value of type null in C:\xampp\htdocs\PocketsLocationsPHP\views\editpockets.php on line 6
[25-Oct-2024 02:20:13 Europe/Berlin] PHP Warning:  Trying to access array offset on value of type null in C:\xampp\htdocs\PocketsLocationsPHP\views\editpockets.php on line 7
[25-Oct-2024 02:20:13 Europe/Berlin] PHP Warning:  Trying to access array offset on value of type null in C:\xampp\htdocs\PocketsLocationsPHP\views\editpockets.php on line 8
[25-Oct-2024 02:20:13 Europe/Berlin] PHP Warning:  Trying to access array offset on value of type null in C:\xampp\htdocs\PocketsLocationsPHP\views\editpockets.php on line 9
[25-Oct-2024 02:20:13 Europe/Berlin] PHP Warning:  Trying to access array offset on value of type null in C:\xampp\htdocs\PocketsLocationsPHP\views\editpockets.php on line 10
[25-Oct-2024 02:20:13 Europe/Berlin] PHP Warning:  Trying to access array offset on value of type null in C:\xampp\htdocs\PocketsLocationsPHP\views\editpockets.php on line 11
[25-Oct-2024 02:20:13 Europe/Berlin] PHP Warning:  Trying to access array offset on value of type null in C:\xampp\htdocs\PocketsLocationsPHP\views\editpockets.php on line 12
[25-Oct-2024 02:20:13 Europe/Berlin] PHP Warning:  Trying to access array offset on value of type null in C:\xampp\htdocs\PocketsLocationsPHP\views\editpockets.php on line 13
[25-Oct-2024 02:21:13 Europe/Berlin] PHP Warning:  Undefined array key "id" in C:\xampp\htdocs\PocketsLocationsPHP\routes\principal.php on line 74
[25-Oct-2024 02:21:13 Europe/Berlin] PHP Warning:  Trying to access array offset on value of type null in C:\xampp\htdocs\PocketsLocationsPHP\views\editpockets.php on line 6
[25-Oct-2024 02:21:13 Europe/Berlin] PHP Warning:  Trying to access array offset on value of type null in C:\xampp\htdocs\PocketsLocationsPHP\views\editpockets.php on line 7
[25-Oct-2024 02:21:13 Europe/Berlin] PHP Warning:  Trying to access array offset on value of type null in C:\xampp\htdocs\PocketsLocationsPHP\views\editpockets.php on line 8
[25-Oct-2024 02:21:13 Europe/Berlin] PHP Warning:  Trying to access array offset on value of type null in C:\xampp\htdocs\PocketsLocationsPHP\views\editpockets.php on line 9
[25-Oct-2024 02:21:13 Europe/Berlin] PHP Warning:  Trying to access array offset on value of type null in C:\xampp\htdocs\PocketsLocationsPHP\views\editpockets.php on line 10
[25-Oct-2024 02:21:13 Europe/Berlin] PHP Warning:  Trying to access array offset on value of type null in C:\xampp\htdocs\PocketsLocationsPHP\views\editpockets.php on line 11
[25-Oct-2024 02:21:13 Europe/Berlin] PHP Warning:  Trying to access array offset on value of type null in C:\xampp\htdocs\PocketsLocationsPHP\views\editpockets.php on line 12
[25-Oct-2024 02:21:13 Europe/Berlin] PHP Warning:  Trying to access array offset on value of type null in C:\xampp\htdocs\PocketsLocationsPHP\views\editpockets.php on line 13
[25-Oct-2024 02:21:45 Europe/Berlin] PHP Warning:  Undefined array key "id" in C:\xampp\htdocs\PocketsLocationsPHP\routes\principal.php on line 74
[25-Oct-2024 02:21:45 Europe/Berlin] PHP Warning:  Trying to access array offset on value of type null in C:\xampp\htdocs\PocketsLocationsPHP\views\editpockets.php on line 6
[25-Oct-2024 02:21:45 Europe/Berlin] PHP Warning:  Trying to access array offset on value of type null in C:\xampp\htdocs\PocketsLocationsPHP\views\editpockets.php on line 7
[25-Oct-2024 02:21:45 Europe/Berlin] PHP Warning:  Trying to access array offset on value of type null in C:\xampp\htdocs\PocketsLocationsPHP\views\editpockets.php on line 8
[25-Oct-2024 02:21:45 Europe/Berlin] PHP Warning:  Trying to access array offset on value of type null in C:\xampp\htdocs\PocketsLocationsPHP\views\editpockets.php on line 9
[25-Oct-2024 02:21:45 Europe/Berlin] PHP Warning:  Trying to access array offset on value of type null in C:\xampp\htdocs\PocketsLocationsPHP\views\editpockets.php on line 10
[25-Oct-2024 02:21:45 Europe/Berlin] PHP Warning:  Trying to access array offset on value of type null in C:\xampp\htdocs\PocketsLocationsPHP\views\editpockets.php on line 11
[25-Oct-2024 02:21:45 Europe/Berlin] PHP Warning:  Trying to access array offset on value of type null in C:\xampp\htdocs\PocketsLocationsPHP\views\editpockets.php on line 12
[25-Oct-2024 02:21:45 Europe/Berlin] PHP Warning:  Trying to access array offset on value of type null in C:\xampp\htdocs\PocketsLocationsPHP\views\editpockets.php on line 13
[25-Oct-2024 02:21:49 Europe/Berlin] PHP Warning:  Undefined array key "id" in C:\xampp\htdocs\PocketsLocationsPHP\routes\principal.php on line 74
[25-Oct-2024 02:21:49 Europe/Berlin] PHP Warning:  Trying to access array offset on value of type null in C:\xampp\htdocs\PocketsLocationsPHP\views\editpockets.php on line 6
[25-Oct-2024 02:21:49 Europe/Berlin] PHP Warning:  Trying to access array offset on value of type null in C:\xampp\htdocs\PocketsLocationsPHP\views\editpockets.php on line 7
[25-Oct-2024 02:21:49 Europe/Berlin] PHP Warning:  Trying to access array offset on value of type null in C:\xampp\htdocs\PocketsLocationsPHP\views\editpockets.php on line 8
[25-Oct-2024 02:21:49 Europe/Berlin] PHP Warning:  Trying to access array offset on value of type null in C:\xampp\htdocs\PocketsLocationsPHP\views\editpockets.php on line 9
[25-Oct-2024 02:21:49 Europe/Berlin] PHP Warning:  Trying to access array offset on value of type null in C:\xampp\htdocs\PocketsLocationsPHP\views\editpockets.php on line 10
[25-Oct-2024 02:21:49 Europe/Berlin] PHP Warning:  Trying to access array offset on value of type null in C:\xampp\htdocs\PocketsLocationsPHP\views\editpockets.php on line 11
[25-Oct-2024 02:21:49 Europe/Berlin] PHP Warning:  Trying to access array offset on value of type null in C:\xampp\htdocs\PocketsLocationsPHP\views\editpockets.php on line 12
[25-Oct-2024 02:21:49 Europe/Berlin] PHP Warning:  Trying to access array offset on value of type null in C:\xampp\htdocs\PocketsLocationsPHP\views\editpockets.php on line 13
